<?xml version='1.0' encoding='UTF-8' ?>
<testsuite name=".Feature Cambio de Contraseña" tests="8" failures="4" errors="0" skipped="0" time="390.99" timestamp="2025-01-13T19:31:52" hostname="localhost">
  <properties>
    <property name="device" value="Pixel_8_Pro_API_VanillaIceCream(AVD) - 14" />
    <property name="flavor" value="" />
    <property name="project" value=":app" />
  </properties>
  <testcase name="Scenario Outline Actualizar contraseña correctamente" classname=".Feature Cambio de Contraseña" time="14.367">
    <failure>androidx.test.espresso.NoMatchingViewException: No views in hierarchy found matching: view.getId() is &lt;2131296890/com.alex.ultim2:id/updatePasswordButton&gt;

View Hierarchy:
+&gt;DecorView{id=-1, visibility=VISIBLE, width=1344, height=2992, has-focus=true, has-focusable=true, has-window-focus=true, is-clickable=false, is-enabled=true, is-focused=false, is-focusable=false, is-layout-requested=false, is-selected=false, layout-params={(0,0)(fillxfill) ty=BASE_APPLICATION wanim=0x1030308
fl=LAYOUT_IN_SCREEN LAYOUT_INSET_DECOR SPLIT_TOUCH HARDWARE_ACCELERATED DRAWS_SYSTEM_BAR_BACKGROUNDS
pfl=NO_MOVE_ANIMATION FORCE_DRAW_STATUS_BAR_BACKGROUND FIT_INSETS_CONTROLLED
bhv=DEFAULT
fitSides=}, tag=null, root-is-layout-requested=false, has-input-connection=false, x=0.0, y=0.0, child-count=3}
|
+-&gt;LinearLayout{id=-1, visibility=VISIBLE, width=1344, height=2920, has-focus=true, has-focusable=true, has-window-focus=true, is-clickable=false, is-enabled=true, is-focused=false, is-focusable=false, is-layout-requested=false, is-selected=false, layout-params=android.widget.FrameLayout$LayoutParams&#64;YYYYYY, tag=null, root-is-layout-requested=false, has-input-connection=false, x=0.0, y=0.0, child-count=2}
|
+--&gt;ViewStub{id=16908747, res-name=action_mode_bar_stub, visibility=GONE, width=0, height=0, has-focus=false, has-focusable=false, has-window-focus=true, is-clickable=false, is-enabled=true, is-focused=false, is-focusable=false, is-layout-requested=true, is-selected=false, layout-params=android.widget.LinearLayout$LayoutParams&#64;YYYYYY, tag=null, root-is-layout-requested=false, has-input-connection=false, x=0.0, y=0.0}
|
+--&gt;FrameLayout{id=-1, visibility=VISIBLE, width=1344, height=2784, has-focus=true, has-focusable=true, has-window-focus=true, is-clickable=false, is-enabled=true, is-focused=false, is-focusable=false, is-layout-requested=false, is-selected=false, layout-params=android.widget.LinearLayout$LayoutParams&#64;YYYYYY, tag=null, root-is-layout-requested=false, has-input-connection=false, x=0.0, y=136.0, child-count=1}
|
+---&gt;FitWindowsLinearLayout{id=2131296309, res-name=action_bar_root, visibility=VISIBLE, width=1344, height=2784, has-focus=true, has-focusable=true, has-window-focus=true, is-clickable=false, is-enabled=true, is-focused=false, is-focusable=false, is-layout-requested=false, is-selected=false, layout-params=android.widget.FrameLayout$LayoutParams&#64;YYYYYY, tag=null, root-is-layout-requested=false, has-input-connection=false, x=0.0, y=0.0, child-count=2}
|
+----&gt;ViewStubCompat{id=2131296320, res-name=action_mode_bar_stub, visibility=GONE, width=0, height=0, has-focus=false, has-focusable=false, has-window-focus=true, is-clickable=false, is-enabled=true, is-focused=false, is-focusable=false, is-layout-requested=true, is-selected=false, layout-params=android.widget.LinearLayout$LayoutParams&#64;YYYYYY, tag=null, root-is-layout-requested=false, has-input-connection=false, x=0.0, y=0.0}
|
+----&gt;ContentFrameLayout{id=16908290, res-name=content, visibility=VISIBLE, width=1344, height=2784, has-focus=true, has-focusable=true, has-window-focus=true, is-clickable=false, is-enabled=true, is-focused=false, is-focusable=false, is-layout-requested=false, is-selected=false, layout-params=android.widget.LinearLayout$LayoutParams&#64;YYYYYY, tag=null, root-is-layout-requested=false, has-input-connection=false, x=0.0, y=0.0, child-count=1}
|
+-----&gt;LinearLayout{id=-1, visibility=VISIBLE, width=1344, height=2784, has-focus=true, has-focusable=true, has-window-focus=true, is-clickable=false, is-enabled=true, is-focused=false, is-focusable=false, is-layout-requested=false, is-selected=false, layout-params=android.widget.FrameLayout$LayoutParams&#64;YYYYYY, tag=null, root-is-layout-requested=false, has-input-connection=false, x=0.0, y=0.0, child-count=6}
|
+------&gt;MaterialTextView{id=-1, visibility=VISIBLE, width=935, height=177, has-focus=false, has-focusable=false, has-window-focus=true, is-clickable=false, is-enabled=true, is-focused=false, is-focusable=false, is-layout-requested=false, is-selected=false, layout-params=android.widget.LinearLayout$LayoutParams&#64;YYYYYY, tag=null, root-is-layout-requested=false, has-input-connection=false, x=204.0, y=706.0, text=IASA Seguimiento a graduados, input-type=0, ime-target=false, has-links=false}
|
+------&gt;AppCompatImageView{id=-1, visibility=VISIBLE, width=384, height=444, has-focus=false, has-focusable=false, has-window-focus=true, is-clickable=false, is-enabled=true, is-focused=false, is-focusable=false, is-layout-requested=false, is-selected=false, layout-params=android.widget.LinearLayout$LayoutParams&#64;YYYYYY, tag=null, root-is-layout-requested=false, has-input-connection=false, x=480.0, y=889.0}
|
+------&gt;MaterialTextView{id=2131296501, res-name=errorTextView, visibility=VISIBLE, width=1344, height=65, has-focus=false, has-focusable=false, has-window-focus=true, is-clickable=false, is-enabled=true, is-focused=false, is-focusable=false, is-layout-requested=false, is-selected=false, layout-params=android.widget.LinearLayout$LayoutParams&#64;YYYYYY, tag=null, root-is-layout-requested=false, has-input-connection=false, x=0.0, y=1381.0, text=Usuario o contraseña incorrectos, input-type=0, ime-target=false, has-links=false}
|
+------&gt;AppCompatEditText{id=2131296895, res-name=usernameEditText, visibility=VISIBLE, width=864, height=169, has-focus=false, has-focusable=true, has-window-focus=true, is-clickable=true, is-enabled=true, is-focused=false, is-focusable=true, is-layout-requested=false, is-selected=false, layout-params=android.widget.LinearLayout$LayoutParams&#64;YYYYYY, tag=null, root-is-layout-requested=false, has-input-connection=true, editor-info=[inputType=0x1 imeOptions=0x8000005 privateImeOptions=null actionLabel=null actionId=0 initialSelStart=10 initialSelEnd=10 initialToolType=0 initialCapsMode=0x0 hintText=Ingrese Cedula de Identidad label=null packageName=null autofillId=null fieldId=0 fieldName=null extras=Bundle[{android.support.text.emoji.emojiCompat_metadataVersion=9, android.support.text.emoji.emojiCompat_replaceAll=false}] hintLocales=null supportedHandwritingGestureTypes=SELECT|SELECT_RANGE|INSERT|DELETE|DELETE_RANGE|REMOVE_SPACE|JOIN_OR_SPLIT supportedHandwritingGesturePreviewTypes=SELECT|SELECT_RANGE|DELETE|DELETE_RANGE isStylusHandwritingEnabled=false contentMimeTypes=null ], x=240.0, y=1494.0, text=1718605155, hint=Ingrese Cedula de Identidad, input-type=1, ime-target=false, has-links=false}
|
+------&gt;AppCompatEditText{id=2131296666, res-name=passwordEditText, visibility=VISIBLE, width=846, height=169, has-focus=true, has-focusable=true, has-window-focus=true, is-clickable=true, is-enabled=true, is-focused=true, is-focusable=true, is-layout-requested=false, is-selected=false, layout-params=android.widget.LinearLayout$LayoutParams&#64;YYYYYY, tag=null, root-is-layout-requested=false, has-input-connection=true, editor-info=[inputType=0x81 imeOptions=0x4000006 privateImeOptions=null actionLabel=null actionId=0 initialSelStart=10 initialSelEnd=10 initialToolType=0 initialCapsMode=0x0 hintText=Contraseña label=null packageName=null autofillId=null fieldId=0 fieldName=null extras=Bundle[{android.support.text.emoji.emojiCompat_metadataVersion=9, android.support.text.emoji.emojiCompat_replaceAll=false}] hintLocales=null supportedHandwritingGestureTypes=SELECT|SELECT_RANGE|INSERT|DELETE|DELETE_RANGE|REMOVE_SPACE|JOIN_OR_SPLIT supportedHandwritingGesturePreviewTypes=SELECT|SELECT_RANGE|DELETE|DELETE_RANGE isStylusHandwritingEnabled=false contentMimeTypes=null ], x=249.0, y=1711.0, text=1718605156, hint=Contraseña, input-type=129, ime-target=true, has-links=false}
|
+------&gt;MaterialButton{id=2131296577, res-name=loginButton, visibility=VISIBLE, width=448, height=144, has-focus=false, has-focusable=true, has-window-focus=true, is-clickable=true, is-enabled=true, is-focused=false, is-focusable=true, is-layout-requested=false, is-selected=false, layout-params=android.widget.LinearLayout$LayoutParams&#64;YYYYYY, tag=null, root-is-layout-requested=false, has-input-connection=false, x=448.0, y=1910.0, text=Iniciar sesión, input-type=0, ime-target=false, has-links=false, is-checked=false}
|
+-&gt;View{id=16908336, res-name=navigationBarBackground, visibility=VISIBLE, width=1344, height=72, has-focus=false, has-focusable=false, has-window-focus=true, is-clickable=false, is-enabled=true, is-focused=false, is-focusable=false, is-layout-requested=false, is-selected=false, layout-params=android.widget.FrameLayout$LayoutParams&#64;YYYYYY, tag=null, root-is-layout-requested=false, has-input-connection=false, x=0.0, y=2920.0}
|
+-&gt;View{id=16908335, res-name=statusBarBackground, visibility=VISIBLE, width=1344, height=136, has-focus=false, has-focusable=false, has-window-focus=true, is-clickable=false, is-enabled=true, is-focused=false, is-focusable=false, is-layout-requested=false, is-selected=false, layout-params=android.widget.FrameLayout$LayoutParams&#64;YYYYYY, tag=null, root-is-layout-requested=false, has-input-connection=false, x=0.0, y=0.0}
The complete view hierarchy is available in artifact file 'view-hierarchy-3.txt'.
at androidx.test.espresso.NoMatchingViewException$Builder.build(NoMatchingViewException.java:5)
at androidx.test.espresso.base.DefaultFailureHandler.lambda$getNoMatchingViewExceptionTruncater$0(DefaultFailureHandler.java:5)
at androidx.test.espresso.base.DefaultFailureHandler$$ExternalSyntheticLambda1.truncateExceptionMessage(Unknown Source:2)
at androidx.test.espresso.base.ViewHierarchyExceptionHandler.handleSafely(ViewHierarchyExceptionHandler.java:5)
at androidx.test.espresso.base.ViewHierarchyExceptionHandler.handleSafely(ViewHierarchyExceptionHandler.java:1)
at androidx.test.espresso.base.DefaultFailureHandler$TypedFailureHandler.handle(DefaultFailureHandler.java:4)
at androidx.test.espresso.base.DefaultFailureHandler.handle(DefaultFailureHandler.java:5)
at androidx.test.espresso.ViewInteraction.waitForAndHandleInteractionResults(ViewInteraction.java:8)
at androidx.test.espresso.ViewInteraction.check(ViewInteraction.java:12)
at com.alex.ultim2.test.UpdatePasswordTest.I_should_see_on_next_activity_update_password(UpdatePasswordTest.java:75)
at ✽.And Debería ver la siguiente actividad1(features/change_password.feature:10)
</failure>
  </testcase>
  <testcase name="Scenario Outline Actualizar contraseña incorrectamente" classname=".Feature Cambio de Contraseña" time="20.281" />
  <testcase name="Scenario Outline Entrada inválida de username o password" classname=".Feature Inicio de Sesión" time="10.674" />
  <testcase name="Scenario Outline Entrada válida de username y password" classname=".Feature Inicio de Sesión" time="10.526" />
  <testcase name="Scenario Outline Enviar sugerencias exitosamente" classname=".Feature Gestión de Sugerencias" time="31.899" />
  <testcase name="Scenario Outline Intentar enviar sugerencias sin activar el check" classname=".Feature Gestión de Sugerencias" time="21.275">
    <failure>androidx.test.espresso.PerformException: Error performing 'type text("TemaA")' on view 'Animations or transitions are enabled on the target device.
For more info check: https://developer.android.com/training/testing/espresso/setup#set-up-environment

view.getId() is &lt;2131296487/com.alex.ultim2:id/editTextTema&gt;'.
at androidx.test.espresso.PerformException$Builder.build(PerformException.java:1)
at androidx.test.espresso.base.PerformExceptionHandler.handleSafely(PerformExceptionHandler.java:8)
at androidx.test.espresso.base.PerformExceptionHandler.handleSafely(PerformExceptionHandler.java:9)
at androidx.test.espresso.base.DefaultFailureHandler$TypedFailureHandler.handle(DefaultFailureHandler.java:4)
at androidx.test.espresso.base.DefaultFailureHandler.handle(DefaultFailureHandler.java:5)
at androidx.test.espresso.ViewInteraction.waitForAndHandleInteractionResults(ViewInteraction.java:8)
at androidx.test.espresso.ViewInteraction.desugaredPerform(ViewInteraction.java:11)
at androidx.test.espresso.ViewInteraction.perform(ViewInteraction.java:8)
at com.alex.ultim2.test.GestionSugerenciasSteps.I_attempt_to_input_topic(GestionSugerenciasSteps.java:142)
at ✽.And Intento ingresar el tema "TemaA"(features/suggestions.feature:37)
Caused by: java.lang.RuntimeException: Action will not be performed because the target view does not match one or more of the following constraints:
(((view has effective visibility &lt;VISIBLE&gt; and view.getGlobalVisibleRect() to return non-empty rectangle)) and (view.onCreateInputConnection() is not null or is assignable from class &lt;class android.widget.SearchView&gt;))
Target view: "AppCompatEditText{id=2131296487, res-name=editTextTema, visibility=VISIBLE, width=1152, height=136, has-focus=false, has-focusable=false, has-window-focus=true, is-clickable=true, is-enabled=false, is-focused=false, is-focusable=true, is-layout-requested=false, is-selected=false, layout-params=android.widget.RelativeLayout$LayoutParams&#64;YYYYYY, tag=null, root-is-layout-requested=false, has-input-connection=false, x=48.0, y=496.0, text=, hint=Tema a exponer, input-type=1, ime-target=false, has-links=false}"
at androidx.test.espresso.ViewInteraction.doPerform(ViewInteraction.java:20)
at androidx.test.espresso.ViewInteraction.-$$Nest$mdoPerform(Unknown Source:0)
at androidx.test.espresso.ViewInteraction$1.call(ViewInteraction.java:7)
at androidx.test.espresso.ViewInteraction$1.call(ViewInteraction.java:1)
at java.util.concurrent.FutureTask.run(FutureTask.java:264)
at android.os.Handler.handleCallback(Handler.java:959)
at android.os.Handler.dispatchMessage(Handler.java:100)
at android.os.Looper.loopOnce(Looper.java:232)
at android.os.Looper.loop(Looper.java:317)
at android.app.ActivityThread.main(ActivityThread.java:8628)
at java.lang.reflect.Method.invoke(Native Method)
at com.android.internal.os.RuntimeInit$MethodAndArgsCaller.run(RuntimeInit.java:580)
at com.android.internal.os.ZygoteInit.main(ZygoteInit.java:878)
</failure>
  </testcase>
  <testcase name="Scenario Outline Actualizar datos personales correctamente" classname=".Feature Actualización de Datos Personales" time="50.131">
    <failure>androidx.test.espresso.NoActivityResumedException: No activities in stage RESUMED. Did you forget to launch the activity. (test.getActivity() or similar)?
at dalvik.system.VMStack.getThreadStackTrace(Native Method)
at java.lang.Thread.getStackTrace(Thread.java:1841)
at androidx.test.espresso.base.EspressoExceptionHandler.handleSafely(EspressoExceptionHandler.java:2)
at androidx.test.espresso.base.EspressoExceptionHandler.handleSafely(EspressoExceptionHandler.java:1)
at androidx.test.espresso.base.DefaultFailureHandler$TypedFailureHandler.handle(DefaultFailureHandler.java:4)
at androidx.test.espresso.base.DefaultFailureHandler.handle(DefaultFailureHandler.java:5)
at androidx.test.espresso.ViewInteraction.waitForAndHandleInteractionResults(ViewInteraction.java:8)
at androidx.test.espresso.ViewInteraction.check(ViewInteraction.java:12)
at com.alex.ultim2.test.UpdateUserDataTest.deberiaVerPantallaDeActualizacionDeDatos(UpdateUserDataTest.java:82)
at ✽.Then Debería ver la pantalla de actualización de datos personales(features/updatedatauser.feature:12)
</failure>
  </testcase>
  <testcase name="Scenario Outline Actualizar datos personales incorrectamente" classname=".Feature Actualización de Datos Personales" time="50.521">
    <failure>androidx.test.espresso.NoActivityResumedException: No activities in stage RESUMED. Did you forget to launch the activity. (test.getActivity() or similar)?
at dalvik.system.VMStack.getThreadStackTrace(Native Method)
at java.lang.Thread.getStackTrace(Thread.java:1841)
at androidx.test.espresso.base.EspressoExceptionHandler.handleSafely(EspressoExceptionHandler.java:2)
at androidx.test.espresso.base.EspressoExceptionHandler.handleSafely(EspressoExceptionHandler.java:1)
at androidx.test.espresso.base.DefaultFailureHandler$TypedFailureHandler.handle(DefaultFailureHandler.java:4)
at androidx.test.espresso.base.DefaultFailureHandler.handle(DefaultFailureHandler.java:5)
at androidx.test.espresso.ViewInteraction.waitForAndHandleInteractionResults(ViewInteraction.java:8)
at androidx.test.espresso.ViewInteraction.check(ViewInteraction.java:12)
at com.alex.ultim2.test.UpdateUserDataTest.deberiaVerPantallaDeActualizacionDeDatos(UpdateUserDataTest.java:82)
at ✽.Then Debería ver la pantalla de actualización de datos personales(features/updatedatauser.feature:32)
</failure>
  </testcase>
</testsuite>